Using pre-set license
Built from '2020.3/staging' branch; Version is '2020.3.28f1 (f5400f52e03f) revision 16072719'; Using compiler version '192528614'; Build Type 'Release'
OS: 'Windows 10  (10.0.19044) 64bit Professional' Language: 'tr' Physical Memory: 16241 MB
BatchMode: 1, IsHumanControllingUs: 0, StartBugReporterOnCrash: 0, Is64bit: 1, IsPro: 0

COMMAND LINE ARGUMENTS:
D:\Unity\2020.3.28f1\Editor\Unity.exe
-adb2
-batchMode
-noUpm
-name
AssetImportWorker0
-projectPath
D:/Applications/Yeni klasör/CubeSurfer/Cube Surfer
-logFile
Logs/AssetImportWorker0.log
-srvPort
58992
Successfully changed project path to: D:/Applications/Yeni klasör/CubeSurfer/Cube Surfer
D:/Applications/Yeni klasör/CubeSurfer/Cube Surfer
Using Asset Import Pipeline V2.
Refreshing native plugins compatible for Editor in 44.49 ms, found 5 plugins.
Preloading 0 native plugins for Editor in 0.00 ms.
Initialize engine version: 2020.3.28f1 (f5400f52e03f)
[Subsystems] Discovering subsystems at path D:/Unity/2020.3.28f1/Editor/Data/Resources/UnitySubsystems
[Subsystems] Discovering subsystems at path D:/Applications/Yeni klasör/CubeSurfer/Cube Surfer/Assets
GfxDevice: creating device client; threaded=0
Direct3D:
    Version:  Direct3D 11.0 [level 11.1]
    Renderer: NVIDIA GeForce RTX 2070 (ID=0x1f10)
    Vendor:   
    VRAM:     8031 MB
    Driver:   31.0.15.1640
Initialize mono
Mono path[0] = 'D:/Unity/2020.3.28f1/Editor/Data/Managed'
Mono path[1] = 'D:/Unity/2020.3.28f1/Editor/Data/MonoBleedingEdge/lib/mono/unityjit'
Mono config path = 'D:/Unity/2020.3.28f1/Editor/Data/MonoBleedingEdge/etc'
Using monoOptions --debugger-agent=transport=dt_socket,embedding=1,server=y,suspend=n,address=127.0.0.1:56620
Begin MonoManager ReloadAssembly
Registering precompiled unity dll's ...
Register platform support module: D:/Unity/2020.3.28f1/Editor/Data/PlaybackEngines/WindowsStandaloneSupport/UnityEditor.WindowsStandalone.Extensions.dll
Registered in 0.001211 seconds.
Native extension for WindowsStandalone target not found
Refreshing native plugins compatible for Editor in 38.49 ms, found 5 plugins.
Preloading 0 native plugins for Editor in 0.00 ms.
Mono: successfully reloaded assembly
- Completed reload, in  0.553 seconds
Domain Reload Profiling:
	ReloadAssembly (553ms)
		BeginReloadAssembly (76ms)
			ExecutionOrderSort (0ms)
			DisableScriptedObjects (0ms)
			BackupInstance (0ms)
			ReleaseScriptingObjects (0ms)
			CreateAndSetChildDomain (1ms)
		EndReloadAssembly (415ms)
			LoadAssemblies (76ms)
			RebuildTransferFunctionScriptingTraits (0ms)
			SetupTypeCache (139ms)
			ReleaseScriptCaches (0ms)
			RebuildScriptCaches (29ms)
			SetupLoadedEditorAssemblies (155ms)
				LogAssemblyErrors (0ms)
				InitializePlatformSupportModulesInManaged (4ms)
				SetLoadedEditorAssemblies (0ms)
				RefreshPlugins (39ms)
				BeforeProcessingInitializeOnLoad (12ms)
				ProcessInitializeOnLoadAttributes (76ms)
				ProcessInitializeOnLoadMethodAttributes (25ms)
				AfterProcessingInitializeOnLoad (0ms)
				EditorAssembliesLoaded (0ms)
			ExecutionOrderSort2 (0ms)
			AwakeInstancesAfterBackupRestoration (0ms)
Platform modules already initialized, skipping
Registering precompiled user dll's ...
Registered in 0.006838 seconds.
Begin MonoManager ReloadAssembly
Native extension for WindowsStandalone target not found
Refreshing native plugins compatible for Editor in 0.59 ms, found 5 plugins.
Preloading 0 native plugins for Editor in 0.00 ms.
Mono: successfully reloaded assembly
- Completed reload, in  0.973 seconds
Domain Reload Profiling:
	ReloadAssembly (974ms)
		BeginReloadAssembly (157ms)
			ExecutionOrderSort (0ms)
			DisableScriptedObjects (4ms)
			BackupInstance (0ms)
			ReleaseScriptingObjects (0ms)
			CreateAndSetChildDomain (18ms)
		EndReloadAssembly (768ms)
			LoadAssemblies (111ms)
			RebuildTransferFunctionScriptingTraits (0ms)
			SetupTypeCache (273ms)
			ReleaseScriptCaches (0ms)
			RebuildScriptCaches (41ms)
			SetupLoadedEditorAssemblies (283ms)
				LogAssemblyErrors (0ms)
				InitializePlatformSupportModulesInManaged (4ms)
				SetLoadedEditorAssemblies (0ms)
				RefreshPlugins (1ms)
				BeforeProcessingInitializeOnLoad (81ms)
				ProcessInitializeOnLoadAttributes (185ms)
				ProcessInitializeOnLoadMethodAttributes (10ms)
				AfterProcessingInitializeOnLoad (2ms)
				EditorAssembliesLoaded (0ms)
			ExecutionOrderSort2 (0ms)
			AwakeInstancesAfterBackupRestoration (6ms)
Platform modules already initialized, skipping
========================================================================
Worker process is ready to serve import requests
Launched and connected shader compiler UnityShaderCompiler.exe after 0.13 seconds
Refreshing native plugins compatible for Editor in 0.48 ms, found 5 plugins.
Preloading 0 native plugins for Editor in 0.00 ms.
Unloading 1686 Unused Serialized files (Serialized files now loaded: 0)
System memory in use before: 76.6 MB.
System memory in use after: 76.7 MB.

Unloading 28 unused Assets to reduce memory usage. Loaded Objects now: 2118.
Total: 2.751100 ms (FindLiveObjects: 0.146300 ms CreateObjectMapping: 0.048200 ms MarkObjects: 2.487800 ms  DeleteObjects: 0.068100 ms)

AssetImportParameters requested are different than current active one (requested -> active):
  custom:framework-win-MediaFoundation: 216162199b28c13a410421893ffa2e32 -> 
  custom:video-decoder-ogg-theora: a1e56fd34408186e4bbccfd4996cb3dc -> 
  custom:container-muxer-webm: aa71ff27fc2769a1b78a27578f13a17b -> 
  custom:container-demuxer-webm: 4f35f7cbe854078d1ac9338744f61a02 -> 
  custom:container-demuxer-ogg: 62fdf1f143b41e24485cea50d1cbac27 -> 
  custom:video-encoder-webm-vp8: eb34c28f22e8b96e1ab97ce403110664 -> 
  custom:video-decoder-webm-vp8: 9c59270c3fd7afecdb556c50c9e8de78 -> 
  custom:audio-decoder-ogg-vorbis: bf7c407c2cedff20999df2af8eb42d56 -> 
  custom:audio-encoder-webm-vorbis: bf7c407c2cedff20999df2af8eb42d56 -> 
========================================================================
Received Import Request.
  path: Assets/Assets/Hovl Studio/Epic toon VFX 3/Prefabs/Ice wall/Ice wall Style 2.prefab
  artifactKey: Guid(a1fd51e33143bf84fa8bdbd6ef485348) Importer(815301076,1909f56bfc062723c751e8b465ee728b)
Start importing Assets/Assets/Hovl Studio/Epic toon VFX 3/Prefabs/Ice wall/Ice wall Style 2.prefab using Guid(a1fd51e33143bf84fa8bdbd6ef485348) Importer(815301076,1909f56bfc062723c751e8b465ee728b)  -> (artifact id: 'f37f332d27621518fb7feadd44e70943') in 0.536725 seconds 
  Import took 0.555983 seconds .

========================================================================
Received Import Request.
  Time since last request: 0.000307 seconds.
  path: Assets/Assets/Hovl Studio/Epic toon VFX 3/Prefabs/Ice wall/Ice wall.prefab
  artifactKey: Guid(ded1c96ba26c75041b7877e882e6f62e) Importer(815301076,1909f56bfc062723c751e8b465ee728b)
Start importing Assets/Assets/Hovl Studio/Epic toon VFX 3/Prefabs/Ice wall/Ice wall.prefab using Guid(ded1c96ba26c75041b7877e882e6f62e) Importer(815301076,1909f56bfc062723c751e8b465ee728b)  -> (artifact id: '8010be0749caf1feb7fa81a2f6b6871d') in 0.053216 seconds 
  Import took 0.063430 seconds .

========================================================================
Received Import Request.
  Time since last request: 3.861964 seconds.
  path: Assets/Assets/Hovl Studio/Epic toon VFX 3/Prefabs/Magic ray/Magic ray attack.prefab
  artifactKey: Guid(57f9bae16675de6479e152e7dc9e88ad) Importer(815301076,1909f56bfc062723c751e8b465ee728b)
Start importing Assets/Assets/Hovl Studio/Epic toon VFX 3/Prefabs/Magic ray/Magic ray attack.prefab using Guid(57f9bae16675de6479e152e7dc9e88ad) Importer(815301076,1909f56bfc062723c751e8b465ee728b)  -> (artifact id: 'd3c0b1c26e1159d55ca8571102bca179') in 0.099974 seconds 
  Import took 0.104573 seconds .

========================================================================
Received Import Request.
  Time since last request: 0.000285 seconds.
  path: Assets/Assets/Hovl Studio/Epic toon VFX 3/Prefabs/Magic ray/Magic ray.prefab
  artifactKey: Guid(e63053b75dd9aa84a9939d174c9f4581) Importer(815301076,1909f56bfc062723c751e8b465ee728b)
Start importing Assets/Assets/Hovl Studio/Epic toon VFX 3/Prefabs/Magic ray/Magic ray.prefab using Guid(e63053b75dd9aa84a9939d174c9f4581) Importer(815301076,1909f56bfc062723c751e8b465ee728b)  -> (artifact id: '739907ae3523ebf2c05ca7cb46b1f55b') in 0.237121 seconds 
  Import took 0.254347 seconds .

========================================================================
Received Import Request.
  Time since last request: 0.000267 seconds.
  path: Assets/Assets/Hovl Studio/Epic toon VFX 3/Prefabs/Magic ray/Magic ray long.prefab
  artifactKey: Guid(5cffc870d57654a468bca4967b4c967e) Importer(815301076,1909f56bfc062723c751e8b465ee728b)
Start importing Assets/Assets/Hovl Studio/Epic toon VFX 3/Prefabs/Magic ray/Magic ray long.prefab using Guid(5cffc870d57654a468bca4967b4c967e) Importer(815301076,1909f56bfc062723c751e8b465ee728b)  -> (artifact id: 'b06ca20a9a34dca406f5fb2a6f9e7416') in 0.053226 seconds 
  Import took 0.072616 seconds .

========================================================================
Received Import Request.
  Time since last request: 2.448165 seconds.
  path: Assets/Assets/Hovl Studio/Epic toon VFX 3/Prefabs/Sword air attack/Sword crater.prefab
  artifactKey: Guid(0d203c111d7065d4cb86eea48b3d7c73) Importer(815301076,1909f56bfc062723c751e8b465ee728b)
Start importing Assets/Assets/Hovl Studio/Epic toon VFX 3/Prefabs/Sword air attack/Sword crater.prefab using Guid(0d203c111d7065d4cb86eea48b3d7c73) Importer(815301076,1909f56bfc062723c751e8b465ee728b)  -> (artifact id: 'bbb51bb1bc8ef15986b47a3a0b5d67fd') in 0.236108 seconds 
  Import took 0.252934 seconds .

========================================================================
Received Import Request.
  Time since last request: 0.000296 seconds.
  path: Assets/Assets/Hovl Studio/Epic toon VFX 3/Prefabs/Sword air attack/SwordAOE.prefab
  artifactKey: Guid(9dec8624e3a0a47479378e72336142c0) Importer(815301076,1909f56bfc062723c751e8b465ee728b)
Start importing Assets/Assets/Hovl Studio/Epic toon VFX 3/Prefabs/Sword air attack/SwordAOE.prefab using Guid(9dec8624e3a0a47479378e72336142c0) Importer(815301076,1909f56bfc062723c751e8b465ee728b)  -> (artifact id: 'f94c8cee4e7ef4e0935a6688f7832910') in 0.052268 seconds 
  Import took 0.056363 seconds .

========================================================================
Received Prepare
Registering precompiled user dll's ...
Registered in 0.006366 seconds.
Begin MonoManager ReloadAssembly
Native extension for WindowsStandalone target not found
Refreshing native plugins compatible for Editor in 0.75 ms, found 5 plugins.
Preloading 0 native plugins for Editor in 0.00 ms.
Mono: successfully reloaded assembly
- Completed reload, in  0.986 seconds
Domain Reload Profiling:
	ReloadAssembly (987ms)
		BeginReloadAssembly (132ms)
			ExecutionOrderSort (0ms)
			DisableScriptedObjects (4ms)
			BackupInstance (0ms)
			ReleaseScriptingObjects (0ms)
			CreateAndSetChildDomain (32ms)
		EndReloadAssembly (802ms)
			LoadAssemblies (120ms)
			RebuildTransferFunctionScriptingTraits (0ms)
			SetupTypeCache (297ms)
			ReleaseScriptCaches (1ms)
			RebuildScriptCaches (40ms)
			SetupLoadedEditorAssemblies (276ms)
				LogAssemblyErrors (0ms)
				InitializePlatformSupportModulesInManaged (4ms)
				SetLoadedEditorAssemblies (0ms)
				RefreshPlugins (1ms)
				BeforeProcessingInitializeOnLoad (80ms)
				ProcessInitializeOnLoadAttributes (179ms)
				ProcessInitializeOnLoadMethodAttributes (9ms)
				AfterProcessingInitializeOnLoad (2ms)
				EditorAssembliesLoaded (0ms)
			ExecutionOrderSort2 (0ms)
			AwakeInstancesAfterBackupRestoration (6ms)
Platform modules already initialized, skipping
Refreshing native plugins compatible for Editor in 0.78 ms, found 5 plugins.
Preloading 0 native plugins for Editor in 0.00 ms.
Unloading 1682 Unused Serialized files (Serialized files now loaded: 0)
System memory in use before: 80.6 MB.
System memory in use after: 80.7 MB.

Unloading 23 unused Assets to reduce memory usage. Loaded Objects now: 2145.
Total: 2.510500 ms (FindLiveObjects: 0.131200 ms CreateObjectMapping: 0.044600 ms MarkObjects: 2.314700 ms  DeleteObjects: 0.019300 ms)

AssetImportParameters requested are different than current active one (requested -> active):
  custom:framework-win-MediaFoundation: 216162199b28c13a410421893ffa2e32 -> 
  custom:video-decoder-ogg-theora: a1e56fd34408186e4bbccfd4996cb3dc -> 
  custom:container-muxer-webm: aa71ff27fc2769a1b78a27578f13a17b -> 
  custom:container-demuxer-webm: 4f35f7cbe854078d1ac9338744f61a02 -> 
  custom:container-demuxer-ogg: 62fdf1f143b41e24485cea50d1cbac27 -> 
  custom:video-encoder-webm-vp8: eb34c28f22e8b96e1ab97ce403110664 -> 
  custom:video-decoder-webm-vp8: 9c59270c3fd7afecdb556c50c9e8de78 -> 
  custom:audio-decoder-ogg-vorbis: bf7c407c2cedff20999df2af8eb42d56 -> 
  custom:audio-encoder-webm-vorbis: bf7c407c2cedff20999df2af8eb42d56 -> 
========================================================================
Received Import Request.
  Time since last request: 455.712122 seconds.
  path: Assets/Assets/Hovl Studio/Epic toon VFX 3/Epic Toon FX/Prefabs 2D/Explosions/MetalHit2D.prefab
  artifactKey: Guid(8368975de5593844bbfaf74e342fb326) Importer(815301076,1909f56bfc062723c751e8b465ee728b)
Start importing Assets/Assets/Hovl Studio/Epic toon VFX 3/Epic Toon FX/Prefabs 2D/Explosions/MetalHit2D.prefab using Guid(8368975de5593844bbfaf74e342fb326) Importer(815301076,1909f56bfc062723c751e8b465ee728b)  -> (artifact id: '702d38546c89925b58da8ba06070a3af') in 0.122537 seconds 
  Import took 0.126407 seconds .

========================================================================
Received Import Request.
  Time since last request: 0.000392 seconds.
  path: Assets/Assets/Hovl Studio/Epic toon VFX 3/Epic Toon FX/Prefabs 2D/Explosions/StarBurst2D.prefab
  artifactKey: Guid(82bf03917e16d3d4cad30518cca28308) Importer(815301076,1909f56bfc062723c751e8b465ee728b)
Start importing Assets/Assets/Hovl Studio/Epic toon VFX 3/Epic Toon FX/Prefabs 2D/Explosions/StarBurst2D.prefab using Guid(82bf03917e16d3d4cad30518cca28308) Importer(815301076,1909f56bfc062723c751e8b465ee728b)  -> (artifact id: 'e9ed8e4204729bfbafb413c81c7ca8c0') in 0.016903 seconds 
  Import took 0.020855 seconds .

========================================================================
Received Import Request.
  Time since last request: 0.000974 seconds.
  path: Assets/Assets/Hovl Studio/Epic toon VFX 3/Epic Toon FX/Prefabs 2D/Explosions/SparkExplosion2D.prefab
  artifactKey: Guid(ec61825cb06be72419bb09eee03af08c) Importer(815301076,1909f56bfc062723c751e8b465ee728b)
Start importing Assets/Assets/Hovl Studio/Epic toon VFX 3/Epic Toon FX/Prefabs 2D/Explosions/SparkExplosion2D.prefab using Guid(ec61825cb06be72419bb09eee03af08c) Importer(815301076,1909f56bfc062723c751e8b465ee728b)  -> (artifact id: '2322e32780327e26941c9cd8c15769ca') in 0.028057 seconds 
  Import took 0.032160 seconds .

========================================================================
Received Import Request.
  Time since last request: 20.299782 seconds.
  path: Assets/Assets/Hovl Studio/Epic toon VFX 3/Epic Toon FX/Materials/Basics/circle_AB.mat
  artifactKey: Guid(150aee38b5d848b42b75593618992bb7) Importer(815301076,1909f56bfc062723c751e8b465ee728b)
Start importing Assets/Assets/Hovl Studio/Epic toon VFX 3/Epic Toon FX/Materials/Basics/circle_AB.mat using Guid(150aee38b5d848b42b75593618992bb7) Importer(815301076,1909f56bfc062723c751e8b465ee728b)  -> (artifact id: '97fa52f674b67a07615a78bf129b6d2f') in 0.138172 seconds 
  Import took 0.141549 seconds .

========================================================================
Received Import Request.
  Time since last request: 30.629016 seconds.
  path: Assets/Assets/Hovl Studio/Epic toon VFX 3/Epic Toon FX/Prefabs 2D/Explosions/SparkExplosion2D.prefab
  artifactKey: Guid(ec61825cb06be72419bb09eee03af08c) Importer(815301076,1909f56bfc062723c751e8b465ee728b)
Start importing Assets/Assets/Hovl Studio/Epic toon VFX 3/Epic Toon FX/Prefabs 2D/Explosions/SparkExplosion2D.prefab using Guid(ec61825cb06be72419bb09eee03af08c) Importer(815301076,1909f56bfc062723c751e8b465ee728b)  -> (artifact id: '6993d7ca23454139367798a262b575f2') in 0.388822 seconds 
  Import took 0.393581 seconds .

========================================================================
Received Import Request.
  Time since last request: 1.682300 seconds.
  path: Assets/Assets/Hovl Studio/Epic toon VFX 3/Epic Toon FX/Prefabs 2D/Explosions/SparkExplosion2D.prefab
  artifactKey: Guid(ec61825cb06be72419bb09eee03af08c) Importer(815301076,1909f56bfc062723c751e8b465ee728b)
Start importing Assets/Assets/Hovl Studio/Epic toon VFX 3/Epic Toon FX/Prefabs 2D/Explosions/SparkExplosion2D.prefab using Guid(ec61825cb06be72419bb09eee03af08c) Importer(815301076,1909f56bfc062723c751e8b465ee728b)  -> (artifact id: 'a77cf2186463eb9de371fa2ef6e5fc4b') in 0.014223 seconds 
  Import took 0.020234 seconds .

========================================================================
Received Import Request.
  Time since last request: 18.201687 seconds.
  path: Assets/Assets/Hovl Studio/Epic toon VFX 3/Epic Toon FX/Materials/Basics/triangle_curve_AB.mat
  artifactKey: Guid(f49f152fbc313b14b8d4b82329b10a1c) Importer(815301076,1909f56bfc062723c751e8b465ee728b)
Start importing Assets/Assets/Hovl Studio/Epic toon VFX 3/Epic Toon FX/Materials/Basics/triangle_curve_AB.mat using Guid(f49f152fbc313b14b8d4b82329b10a1c) Importer(815301076,1909f56bfc062723c751e8b465ee728b)  -> (artifact id: '6a55c9348f7b0d7aaa58408e52b5bbb9') in 0.012658 seconds 
  Import took 0.015884 seconds .

========================================================================
Received Import Request.
  Time since last request: 8.942339 seconds.
  path: Assets/Assets/Hovl Studio/Epic toon VFX 3/Epic Toon FX
  artifactKey: Guid(b099373382d81ed4dbde2993ea732f33) Importer(815301076,1909f56bfc062723c751e8b465ee728b)
Start importing Assets/Assets/Hovl Studio/Epic toon VFX 3/Epic Toon FX using Guid(b099373382d81ed4dbde2993ea732f33) Importer(815301076,1909f56bfc062723c751e8b465ee728b)  -> (artifact id: 'eeaa3132af855f368a92f6acf7c98939') in 0.013661 seconds 
  Import took 0.020740 seconds .

========================================================================
Received Import Request.
  Time since last request: 11.537191 seconds.
  path: Assets/Assets/Hovl Studio/Epic toon VFX 3/Epic Toon FX/Prefabs
  artifactKey: Guid(6542b3763b8eb5045989be480649636b) Importer(815301076,1909f56bfc062723c751e8b465ee728b)
Start importing Assets/Assets/Hovl Studio/Epic toon VFX 3/Epic Toon FX/Prefabs using Guid(6542b3763b8eb5045989be480649636b) Importer(815301076,1909f56bfc062723c751e8b465ee728b)  -> (artifact id: '4ddc17bac171d2fa9daa63fe2faee6f8') in 0.011897 seconds 
  Import took 0.018451 seconds .

========================================================================
Received Import Request.
  Time since last request: 1.489041 seconds.
  path: Assets/Assets/Hovl Studio/Epic toon VFX 3/Epic Toon FX/Prefabs/Environment
  artifactKey: Guid(5cd26f130e92bf54bb8869788d71cff2) Importer(815301076,1909f56bfc062723c751e8b465ee728b)
Start importing Assets/Assets/Hovl Studio/Epic toon VFX 3/Epic Toon FX/Prefabs/Environment using Guid(5cd26f130e92bf54bb8869788d71cff2) Importer(815301076,1909f56bfc062723c751e8b465ee728b)  -> (artifact id: '3100dd6732415fb587daad68320e111c') in 0.008609 seconds 
  Import took 0.012494 seconds .

========================================================================
Received Import Request.
  Time since last request: 2.210925 seconds.
  path: Assets/Assets/Hovl Studio/Epic toon VFX 3/Epic Toon FX/Prefabs/Combat
  artifactKey: Guid(f1114f7879a34a342b616b575eb5ce0c) Importer(815301076,1909f56bfc062723c751e8b465ee728b)
Start importing Assets/Assets/Hovl Studio/Epic toon VFX 3/Epic Toon FX/Prefabs/Combat using Guid(f1114f7879a34a342b616b575eb5ce0c) Importer(815301076,1909f56bfc062723c751e8b465ee728b)  -> (artifact id: '5e8a1f4067a7ee5d6cb09f6953c2f499') in 0.028202 seconds 
  Import took 0.034609 seconds .

========================================================================
Received Import Request.
  Time since last request: 3.597583 seconds.
  path: Assets/Assets/Hovl Studio/Epic toon VFX 3/Epic Toon FX/Prefabs/Combat/Explosions
  artifactKey: Guid(86f0d4fa2e901074e946f55886c4cb36) Importer(815301076,1909f56bfc062723c751e8b465ee728b)
Start importing Assets/Assets/Hovl Studio/Epic toon VFX 3/Epic Toon FX/Prefabs/Combat/Explosions using Guid(86f0d4fa2e901074e946f55886c4cb36) Importer(815301076,1909f56bfc062723c751e8b465ee728b)  -> (artifact id: '3de92762cf293f7edbce57d1befdccc1') in 0.012618 seconds 
  Import took 0.016071 seconds .

========================================================================
Received Import Request.
  Time since last request: 3.207656 seconds.
  path: Assets/Assets/Hovl Studio/Epic toon VFX 3/Epic Toon FX/Prefabs/Combat/Explosions/BulletExplosion
  artifactKey: Guid(9109eaf856c74b84f89df9db9edabc6e) Importer(815301076,1909f56bfc062723c751e8b465ee728b)
Start importing Assets/Assets/Hovl Studio/Epic toon VFX 3/Epic Toon FX/Prefabs/Combat/Explosions/BulletExplosion using Guid(9109eaf856c74b84f89df9db9edabc6e) Importer(815301076,1909f56bfc062723c751e8b465ee728b)  -> (artifact id: 'c7a9d929717270f3edd6fb04e048ac4e') in 0.009952 seconds 
  Import took 0.016906 seconds .

========================================================================
Received Import Request.
  Time since last request: 1.565144 seconds.
  path: Assets/Assets/Hovl Studio/Epic toon VFX 3/Epic Toon FX/Prefabs/Combat/Explosions/BulletExplosion/BulletExplosionBlue.prefab
  artifactKey: Guid(79b0a8abb1f641b4a8faa10b904758ea) Importer(815301076,1909f56bfc062723c751e8b465ee728b)
Start importing Assets/Assets/Hovl Studio/Epic toon VFX 3/Epic Toon FX/Prefabs/Combat/Explosions/BulletExplosion/BulletExplosionBlue.prefab using Guid(79b0a8abb1f641b4a8faa10b904758ea) Importer(815301076,1909f56bfc062723c751e8b465ee728b)  -> (artifact id: '4e6501dbf60a9f73d318ab63a0eab478') in 0.226665 seconds 
  Import took 0.230928 seconds .

========================================================================
Received Import Request.
  Time since last request: 0.000511 seconds.
  path: Assets/Assets/Hovl Studio/Epic toon VFX 3/Epic Toon FX/Prefabs/Combat/Explosions/BulletExplosion/BulletExplosionFire.prefab
  artifactKey: Guid(c83fb3ef04bb383408bb2064b89690b2) Importer(815301076,1909f56bfc062723c751e8b465ee728b)
Start importing Assets/Assets/Hovl Studio/Epic toon VFX 3/Epic Toon FX/Prefabs/Combat/Explosions/BulletExplosion/BulletExplosionFire.prefab using Guid(c83fb3ef04bb383408bb2064b89690b2) Importer(815301076,1909f56bfc062723c751e8b465ee728b)  -> (artifact id: 'ca4e0a4726a134cb3e38e23b36b86002') in 0.028318 seconds 
  Import took 0.034276 seconds .

========================================================================
Received Import Request.
  Time since last request: 0.000435 seconds.
  path: Assets/Assets/Hovl Studio/Epic toon VFX 3/Epic Toon FX/Prefabs/Combat/Explosions/BulletExplosion/BulletExplosionGreen.prefab
  artifactKey: Guid(bfbeddd8307f4e441aa8ae4537bf45ad) Importer(815301076,1909f56bfc062723c751e8b465ee728b)
Start importing Assets/Assets/Hovl Studio/Epic toon VFX 3/Epic Toon FX/Prefabs/Combat/Explosions/BulletExplosion/BulletExplosionGreen.prefab using Guid(bfbeddd8307f4e441aa8ae4537bf45ad) Importer(815301076,1909f56bfc062723c751e8b465ee728b)  -> (artifact id: 'b540817520c58a4df3dbe1e6a00e15c8') in 0.023044 seconds 
  Import took 0.029045 seconds .

========================================================================
Received Import Request.
  Time since last request: 0.000326 seconds.
  path: Assets/Assets/Hovl Studio/Epic toon VFX 3/Epic Toon FX/Prefabs/Combat/Explosions/BulletExplosion/BulletExplosionPink.prefab
  artifactKey: Guid(666381b24c234194882b77851e943ef1) Importer(815301076,1909f56bfc062723c751e8b465ee728b)
Start importing Assets/Assets/Hovl Studio/Epic toon VFX 3/Epic Toon FX/Prefabs/Combat/Explosions/BulletExplosion/BulletExplosionPink.prefab using Guid(666381b24c234194882b77851e943ef1) Importer(815301076,1909f56bfc062723c751e8b465ee728b)  -> (artifact id: 'b502f9a7de5e462e316ed73bb43a2c31') in 0.034279 seconds 
  Import took 0.044289 seconds .

========================================================================
Received Import Request.
  Time since last request: 15.666746 seconds.
  path: Assets/Assets/Hovl Studio/Epic toon VFX 3/Epic Toon FX/Prefabs/Combat/Explosions/BulletExplosion/BulletExplosionGreen.prefab
  artifactKey: Guid(bfbeddd8307f4e441aa8ae4537bf45ad) Importer(815301076,1909f56bfc062723c751e8b465ee728b)
Start importing Assets/Assets/Hovl Studio/Epic toon VFX 3/Epic Toon FX/Prefabs/Combat/Explosions/BulletExplosion/BulletExplosionGreen.prefab using Guid(bfbeddd8307f4e441aa8ae4537bf45ad) Importer(815301076,1909f56bfc062723c751e8b465ee728b)  -> (artifact id: '23084f747ea28d337bbf551436a05977') in 0.016732 seconds 
  Import took 0.023418 seconds .

========================================================================
Received Import Request.
  Time since last request: 1.841533 seconds.
  path: Assets/Assets/Hovl Studio/Epic toon VFX 3/Epic Toon FX/Prefabs/Combat/Explosions/BulletExplosion/BulletExplosionGreen.prefab
  artifactKey: Guid(bfbeddd8307f4e441aa8ae4537bf45ad) Importer(815301076,1909f56bfc062723c751e8b465ee728b)
Start importing Assets/Assets/Hovl Studio/Epic toon VFX 3/Epic Toon FX/Prefabs/Combat/Explosions/BulletExplosion/BulletExplosionGreen.prefab using Guid(bfbeddd8307f4e441aa8ae4537bf45ad) Importer(815301076,1909f56bfc062723c751e8b465ee728b)  -> (artifact id: '2e4561fd321e7f6a6c4852bc99b23178') in 0.012169 seconds 
  Import took 0.016529 seconds .

========================================================================
Received Import Request.
  Time since last request: 10.295819 seconds.
  path: Assets/Assets/Hovl Studio/Epic toon VFX 3/Epic Toon FX/Prefabs/Combat/Explosions/FireballSharpExplosion
  artifactKey: Guid(7d7cabb9416579c499fb0f102acf6040) Importer(815301076,1909f56bfc062723c751e8b465ee728b)
Start importing Assets/Assets/Hovl Studio/Epic toon VFX 3/Epic Toon FX/Prefabs/Combat/Explosions/FireballSharpExplosion using Guid(7d7cabb9416579c499fb0f102acf6040) Importer(815301076,1909f56bfc062723c751e8b465ee728b)  -> (artifact id: 'b316f91057ef6295df33017236d0766b') in 0.085033 seconds 
  Import took 0.090194 seconds .

========================================================================
Received Import Request.
  Time since last request: 0.000596 seconds.
  path: Assets/Assets/Hovl Studio/Epic toon VFX 3/Epic Toon FX/Prefabs/Combat/Explosions/FireballSharpExplosion/ExplosionFireballSharpPink.prefab
  artifactKey: Guid(d9e3deb54a0d566438734cb2731448ea) Importer(815301076,1909f56bfc062723c751e8b465ee728b)
Start importing Assets/Assets/Hovl Studio/Epic toon VFX 3/Epic Toon FX/Prefabs/Combat/Explosions/FireballSharpExplosion/ExplosionFireballSharpPink.prefab using Guid(d9e3deb54a0d566438734cb2731448ea) Importer(815301076,1909f56bfc062723c751e8b465ee728b)  -> (artifact id: '73d435e5fa936fcb204b8340bfa70ea4') in 0.025179 seconds 
  Import took 0.031448 seconds .

========================================================================
Received Import Request.
  Time since last request: 0.000396 seconds.
  path: Assets/Assets/Hovl Studio/Epic toon VFX 3/Epic Toon FX/Prefabs/Combat/Explosions/FireballSharpExplosion/ExplosionFireballSharpFire.prefab
  artifactKey: Guid(448e8d4f82f29da4298ec7ad31825184) Importer(815301076,1909f56bfc062723c751e8b465ee728b)
Start importing Assets/Assets/Hovl Studio/Epic toon VFX 3/Epic Toon FX/Prefabs/Combat/Explosions/FireballSharpExplosion/ExplosionFireballSharpFire.prefab using Guid(448e8d4f82f29da4298ec7ad31825184) Importer(815301076,1909f56bfc062723c751e8b465ee728b)  -> (artifact id: 'e2fd835fd81e97db760a6b47c7251c5d') in 0.027730 seconds 
  Import took 0.034631 seconds .

========================================================================
Received Import Request.
  Time since last request: 0.000326 seconds.
  path: Assets/Assets/Hovl Studio/Epic toon VFX 3/Epic Toon FX/Prefabs/Combat/Explosions/FireballSharpExplosion/ExplosionFireballSharpBlue.prefab
  artifactKey: Guid(d2751e617f2191a4da790e7429534835) Importer(815301076,1909f56bfc062723c751e8b465ee728b)
Start importing Assets/Assets/Hovl Studio/Epic toon VFX 3/Epic Toon FX/Prefabs/Combat/Explosions/FireballSharpExplosion/ExplosionFireballSharpBlue.prefab using Guid(d2751e617f2191a4da790e7429534835) Importer(815301076,1909f56bfc062723c751e8b465ee728b)  -> (artifact id: 'ee9789538ed32f5ae7d07554ac6509e8') in 0.031719 seconds 
  Import took 0.037628 seconds .

========================================================================
Received Import Request.
  Time since last request: 0.000903 seconds.
  path: Assets/Assets/Hovl Studio/Epic toon VFX 3/Epic Toon FX/Prefabs/Combat/Explosions/FireballSharpExplosion/ExplosionFireballSharpGreen.prefab
  artifactKey: Guid(b5e72f48f827fa34a822cbc6b0bdd3d9) Importer(815301076,1909f56bfc062723c751e8b465ee728b)
Start importing Assets/Assets/Hovl Studio/Epic toon VFX 3/Epic Toon FX/Prefabs/Combat/Explosions/FireballSharpExplosion/ExplosionFireballSharpGreen.prefab using Guid(b5e72f48f827fa34a822cbc6b0bdd3d9) Importer(815301076,1909f56bfc062723c751e8b465ee728b)  -> (artifact id: '7592fd0c9ea8af48013dc61700cd4ee5') in 0.026260 seconds 
  Import took 0.033197 seconds .

========================================================================
Received Import Request.
  Time since last request: 0.909578 seconds.
  path: Assets/Assets/Hovl Studio/Epic toon VFX 3/Epic Toon FX/Materials/Misc/Fire/fire_3x6_ADD.mat
  artifactKey: Guid(bb2dd1abd6ac09b45a5db1e4ca1233de) Importer(815301076,1909f56bfc062723c751e8b465ee728b)
Start importing Assets/Assets/Hovl Studio/Epic toon VFX 3/Epic Toon FX/Materials/Misc/Fire/fire_3x6_ADD.mat using Guid(bb2dd1abd6ac09b45a5db1e4ca1233de) Importer(815301076,1909f56bfc062723c751e8b465ee728b)  -> (artifact id: '93e3114b8b9d7f4ed11309d6f3126403') in 0.019841 seconds 
  Import took 0.025104 seconds .

========================================================================
Received Import Request.
  Time since last request: 6.917685 seconds.
  path: Assets/Assets/Hovl Studio/Epic toon VFX 3/Epic Toon FX/Prefabs/Combat/Explosions/GrenadeExplosion
  artifactKey: Guid(86e3caa863c897b46ae9e973573acff7) Importer(815301076,1909f56bfc062723c751e8b465ee728b)
Start importing Assets/Assets/Hovl Studio/Epic toon VFX 3/Epic Toon FX/Prefabs/Combat/Explosions/GrenadeExplosion using Guid(86e3caa863c897b46ae9e973573acff7) Importer(815301076,1909f56bfc062723c751e8b465ee728b)  -> (artifact id: '7cee0eeefae8b72666c1a62a25aff618') in 0.009188 seconds 
  Import took 0.015729 seconds .

========================================================================
Received Import Request.
  Time since last request: 0.048601 seconds.
  path: Assets/Assets/Hovl Studio/Epic toon VFX 3/Epic Toon FX/Prefabs/Combat/Explosions/GrenadeExplosion/GrenadeExplosionBlue.prefab
  artifactKey: Guid(02b55b1514278964187c93c0b09a3dc4) Importer(815301076,1909f56bfc062723c751e8b465ee728b)
Start importing Assets/Assets/Hovl Studio/Epic toon VFX 3/Epic Toon FX/Prefabs/Combat/Explosions/GrenadeExplosion/GrenadeExplosionBlue.prefab using Guid(02b55b1514278964187c93c0b09a3dc4) Importer(815301076,1909f56bfc062723c751e8b465ee728b)  -> (artifact id: '21abc04ba887cc50633c66205e639035') in 0.079227 seconds 
  Import took 0.083511 seconds .

========================================================================
Received Import Request.
  Time since last request: 0.000337 seconds.
  path: Assets/Assets/Hovl Studio/Epic toon VFX 3/Epic Toon FX/Prefabs/Combat/Explosions/GrenadeExplosion/GrenadeExplosionGreen.prefab
  artifactKey: Guid(b037048ffb73dc4419b4445789d3a04c) Importer(815301076,1909f56bfc062723c751e8b465ee728b)
Start importing Assets/Assets/Hovl Studio/Epic toon VFX 3/Epic Toon FX/Prefabs/Combat/Explosions/GrenadeExplosion/GrenadeExplosionGreen.prefab using Guid(b037048ffb73dc4419b4445789d3a04c) Importer(815301076,1909f56bfc062723c751e8b465ee728b)  -> (artifact id: 'dc3349aa42866978e72bb34619cf0fdd') in 0.027276 seconds 
  Import took 0.033919 seconds .

========================================================================
Received Import Request.
  Time since last request: 0.000428 seconds.
  path: Assets/Assets/Hovl Studio/Epic toon VFX 3/Epic Toon FX/Prefabs/Combat/Explosions/GrenadeExplosion/GrenadeExplosionFire.prefab
  artifactKey: Guid(a7c694f0877ea874fa57e033221095c3) Importer(815301076,1909f56bfc062723c751e8b465ee728b)
Start importing Assets/Assets/Hovl Studio/Epic toon VFX 3/Epic Toon FX/Prefabs/Combat/Explosions/GrenadeExplosion/GrenadeExplosionFire.prefab using Guid(a7c694f0877ea874fa57e033221095c3) Importer(815301076,1909f56bfc062723c751e8b465ee728b)  -> (artifact id: '1e20b53d1f5760a4f076caa62bfbc04f') in 0.028955 seconds 
  Import took 0.036424 seconds .

========================================================================
Received Import Request.
  Time since last request: 0.000397 seconds.
  path: Assets/Assets/Hovl Studio/Epic toon VFX 3/Epic Toon FX/Prefabs/Combat/Explosions/GrenadeExplosion/GrenadeExplosionPink.prefab
  artifactKey: Guid(f407b02e7947b9143969a306aee2b85c) Importer(815301076,1909f56bfc062723c751e8b465ee728b)
Start importing Assets/Assets/Hovl Studio/Epic toon VFX 3/Epic Toon FX/Prefabs/Combat/Explosions/GrenadeExplosion/GrenadeExplosionPink.prefab using Guid(f407b02e7947b9143969a306aee2b85c) Importer(815301076,1909f56bfc062723c751e8b465ee728b)  -> (artifact id: '13ab01a8a8971b0e91c26101aeb4cb73') in 0.031271 seconds 
  Import took 0.036845 seconds .

========================================================================
Received Import Request.
  Time since last request: 1.423735 seconds.
  path: Assets/Assets/Hovl Studio/Epic toon VFX 3/Epic Toon FX/Materials/Basics/cloud_2x2_default_AB.mat
  artifactKey: Guid(d386c5d9fb941e845b73fe6da5491ef2) Importer(815301076,1909f56bfc062723c751e8b465ee728b)
Start importing Assets/Assets/Hovl Studio/Epic toon VFX 3/Epic Toon FX/Materials/Basics/cloud_2x2_default_AB.mat using Guid(d386c5d9fb941e845b73fe6da5491ef2) Importer(815301076,1909f56bfc062723c751e8b465ee728b)  -> (artifact id: '32fc031aa9cd179d90d0cd78872c806c') in 0.022676 seconds 
  Import took 0.027039 seconds .

========================================================================
Received Import Request.
  Time since last request: 90.465730 seconds.
  path: Assets/Assets/Hovl Studio/Epic toon VFX 3/Epic Toon FX/Textures/cloud_2x2_hardshadow.png
  artifactKey: Guid(c191bbcd4d376b54b9d57e6a123f8bcc) Importer(815301076,1909f56bfc062723c751e8b465ee728b)
Start importing Assets/Assets/Hovl Studio/Epic toon VFX 3/Epic Toon FX/Textures/cloud_2x2_hardshadow.png using Guid(c191bbcd4d376b54b9d57e6a123f8bcc) Importer(815301076,1909f56bfc062723c751e8b465ee728b)  -> (artifact id: '790e7ca256daafa3fe4001758c8cd992') in 0.112169 seconds 
  Import took 0.117140 seconds .

========================================================================
Received Import Request.
  Time since last request: 349.155923 seconds.
  path: Assets/Assets/Hovl Studio/Epic toon VFX 3/Epic Toon FX/Materials/Basics/cloud_2x2_default_AB.mat
  artifactKey: Guid(d386c5d9fb941e845b73fe6da5491ef2) Importer(815301076,1909f56bfc062723c751e8b465ee728b)
Start importing Assets/Assets/Hovl Studio/Epic toon VFX 3/Epic Toon FX/Materials/Basics/cloud_2x2_default_AB.mat using Guid(d386c5d9fb941e845b73fe6da5491ef2) Importer(815301076,1909f56bfc062723c751e8b465ee728b)  -> (artifact id: '6289bb520eb06d8ca473f3931448e130') in 0.040083 seconds 
  Import took 0.046801 seconds .

========================================================================
Received Import Request.
  Time since last request: 28.020335 seconds.
  path: Assets/Assets/Alstra Infinite/Planes LowPoly/Prefabs/ComPlaneV1.prefab
  artifactKey: Guid(f6d4109da7a8fb14598e335baed19ec6) Importer(815301076,1909f56bfc062723c751e8b465ee728b)
Start importing Assets/Assets/Alstra Infinite/Planes LowPoly/Prefabs/ComPlaneV1.prefab using Guid(f6d4109da7a8fb14598e335baed19ec6) Importer(815301076,1909f56bfc062723c751e8b465ee728b)  -> (artifact id: '29317931fe240067fc8918247eeb6a37') in 0.152630 seconds 
  Import took 0.156332 seconds .

========================================================================
Received Import Request.
  Time since last request: 0.000352 seconds.
  path: Assets/Assets/Alstra Infinite/Planes LowPoly/Prefabs/LightPlane.prefab
  artifactKey: Guid(fa28e0cc64b3f4345a9d2215c5bfec80) Importer(815301076,1909f56bfc062723c751e8b465ee728b)
Start importing Assets/Assets/Alstra Infinite/Planes LowPoly/Prefabs/LightPlane.prefab using Guid(fa28e0cc64b3f4345a9d2215c5bfec80) Importer(815301076,1909f56bfc062723c751e8b465ee728b)  -> (artifact id: 'c2295723eaa8229729d8e80ee1c3fa86') in 0.027379 seconds 
  Import took 0.030414 seconds .

========================================================================
Received Import Request.
  Time since last request: 0.000235 seconds.
  path: Assets/Assets/Alstra Infinite/Planes LowPoly/Prefabs/EaglePlane.prefab
  artifactKey: Guid(f8c3b65648d88284e8a74f107c8cbb56) Importer(815301076,1909f56bfc062723c751e8b465ee728b)
Start importing Assets/Assets/Alstra Infinite/Planes LowPoly/Prefabs/EaglePlane.prefab using Guid(f8c3b65648d88284e8a74f107c8cbb56) Importer(815301076,1909f56bfc062723c751e8b465ee728b)  -> (artifact id: 'b6e9f5277fb275f6a85dc2ad55ee8f90') in 0.052711 seconds 
  Import took 0.055488 seconds .

========================================================================
Received Import Request.
  Time since last request: 0.000264 seconds.
  path: Assets/Assets/Alstra Infinite/Planes LowPoly/Prefabs/ComPlaneV2.prefab
  artifactKey: Guid(a525964e6a1c67f41963089a35d091ab) Importer(815301076,1909f56bfc062723c751e8b465ee728b)
Start importing Assets/Assets/Alstra Infinite/Planes LowPoly/Prefabs/ComPlaneV2.prefab using Guid(a525964e6a1c67f41963089a35d091ab) Importer(815301076,1909f56bfc062723c751e8b465ee728b)  -> (artifact id: '4d910e905744b1fd6b68ac0b3b288399') in 0.037130 seconds 
  Import took 0.041077 seconds .

========================================================================
Received Import Request.
  Time since last request: 0.000368 seconds.
  path: Assets/Assets/Alstra Infinite/Planes LowPoly/Prefabs/ComPlaneV3.prefab
  artifactKey: Guid(7a4952846ba09894b99aeabfdafb8ec0) Importer(815301076,1909f56bfc062723c751e8b465ee728b)
Start importing Assets/Assets/Alstra Infinite/Planes LowPoly/Prefabs/ComPlaneV3.prefab using Guid(7a4952846ba09894b99aeabfdafb8ec0) Importer(815301076,1909f56bfc062723c751e8b465ee728b)  -> (artifact id: '6df777ce71d8c55d6ea12472256f160b') in 0.018573 seconds 
  Import took 0.021527 seconds .

========================================================================
Received Import Request.
  Time since last request: 77.427901 seconds.
  path: Assets/Plugins
  artifactKey: Guid(8fa8b69c94e88794b9e789b00aac8beb) Importer(815301076,1909f56bfc062723c751e8b465ee728b)
Start importing Assets/Plugins using Guid(8fa8b69c94e88794b9e789b00aac8beb) Importer(815301076,1909f56bfc062723c751e8b465ee728b)  -> (artifact id: 'b33ce3bbf023d92618040cc2fef62c53') in 0.008611 seconds 
  Import took 0.013084 seconds .

========================================================================
Received Import Request.
  Time since last request: 0.910310 seconds.
  path: Assets/Plugins/Demigiant
  artifactKey: Guid(8448f0b3fe7729148aa7a608bace6b97) Importer(815301076,1909f56bfc062723c751e8b465ee728b)
Start importing Assets/Plugins/Demigiant using Guid(8448f0b3fe7729148aa7a608bace6b97) Importer(815301076,1909f56bfc062723c751e8b465ee728b)  -> (artifact id: '3d82db8430e27bcaedc00a3aa2f77e61') in 0.007963 seconds 
  Import took 0.011513 seconds .

========================================================================
Received Import Request.
  Time since last request: 0.556957 seconds.
  path: Assets/Plugins/Demigiant/DOTween
  artifactKey: Guid(d3bc1aa28ad6ec241b08fabdf948bb5f) Importer(815301076,1909f56bfc062723c751e8b465ee728b)
Start importing Assets/Plugins/Demigiant/DOTween using Guid(d3bc1aa28ad6ec241b08fabdf948bb5f) Importer(815301076,1909f56bfc062723c751e8b465ee728b)  -> (artifact id: '9f0648c79bd6b43a3c95690ade186712') in 0.007669 seconds 
  Import took 0.011309 seconds .

========================================================================
Received Import Request.
  Time since last request: 5.716296 seconds.
  path: Assets/Grenades_Lowpoly
  artifactKey: Guid(ce98466a38d75e34e951d464abc2ab1f) Importer(815301076,1909f56bfc062723c751e8b465ee728b)
Start importing Assets/Grenades_Lowpoly using Guid(ce98466a38d75e34e951d464abc2ab1f) Importer(815301076,1909f56bfc062723c751e8b465ee728b)  -> (artifact id: '0b34abf80f13141e3948cd89fe5b20a0') in 0.007919 seconds 
  Import took 0.012558 seconds .

========================================================================
Received Import Request.
  Time since last request: 1.730305 seconds.
  path: Assets/Grenades_Lowpoly/Grenades_lowpoly_demoscene.unity
  artifactKey: Guid(560ddb9edad87c24abb3ef66355e6834) Importer(815301076,1909f56bfc062723c751e8b465ee728b)
Start importing Assets/Grenades_Lowpoly/Grenades_lowpoly_demoscene.unity using Guid(560ddb9edad87c24abb3ef66355e6834) Importer(815301076,1909f56bfc062723c751e8b465ee728b)  -> (artifact id: '9d44466be7ad2f8e1fa1031354ae5202') in 0.007002 seconds 
  Import took 0.009633 seconds .

========================================================================
Received Import Request.
  Time since last request: 1.767023 seconds.
  path: Assets/Grenades_Lowpoly/Grenade2
  artifactKey: Guid(9cc09cd842ae69649bc0d4a16dd6efc4) Importer(815301076,1909f56bfc062723c751e8b465ee728b)
Start importing Assets/Grenades_Lowpoly/Grenade2 using Guid(9cc09cd842ae69649bc0d4a16dd6efc4) Importer(815301076,1909f56bfc062723c751e8b465ee728b)  -> (artifact id: '7d326ff02a08658947d780847d6bd561') in 0.009648 seconds 
  Import took 0.013208 seconds .

========================================================================
Received Import Request.
  Time since last request: 0.055487 seconds.
  path: Assets/Grenades_Lowpoly/Grenade2/grenade2_lowpoly.FBX
  artifactKey: Guid(61c492d903529924cb2e8ace6507e556) Importer(815301076,1909f56bfc062723c751e8b465ee728b)
Start importing Assets/Grenades_Lowpoly/Grenade2/grenade2_lowpoly.FBX using Guid(61c492d903529924cb2e8ace6507e556) Importer(815301076,1909f56bfc062723c751e8b465ee728b)  -> (artifact id: '238457bab3cc1466e90886dde6865e62') in 0.353522 seconds 
  Import took 0.357173 seconds .

========================================================================
Received Import Request.
  Time since last request: 0.000254 seconds.
  path: Assets/Grenades_Lowpoly/Grenade2/grenade2_lowpoly_prefab.prefab
  artifactKey: Guid(9a9d1b62ca2ce0e4b8179873619e38e3) Importer(815301076,1909f56bfc062723c751e8b465ee728b)
Start importing Assets/Grenades_Lowpoly/Grenade2/grenade2_lowpoly_prefab.prefab using Guid(9a9d1b62ca2ce0e4b8179873619e38e3) Importer(815301076,1909f56bfc062723c751e8b465ee728b)  -> (artifact id: 'beb1f0ec870bb5346ab87ea45e226a87') in 0.026838 seconds 
  Import took 0.031409 seconds .

========================================================================
Received Import Request.
  Time since last request: 5.867109 seconds.
  path: Assets/Grenades_Lowpoly/Grenade1
  artifactKey: Guid(a841aee305691de4386f81e135e0a1e5) Importer(815301076,1909f56bfc062723c751e8b465ee728b)
Start importing Assets/Grenades_Lowpoly/Grenade1 using Guid(a841aee305691de4386f81e135e0a1e5) Importer(815301076,1909f56bfc062723c751e8b465ee728b)  -> (artifact id: '8b3dcbf09ce0df42233be47c7a18383f') in 0.008633 seconds 
  Import took 0.013242 seconds .

========================================================================
Received Import Request.
  Time since last request: 0.044969 seconds.
  path: Assets/Grenades_Lowpoly/Grenade1/grenade_lowpoly.FBX
  artifactKey: Guid(5528b5a385dd26b45bbc7a0729da9522) Importer(815301076,1909f56bfc062723c751e8b465ee728b)
Start importing Assets/Grenades_Lowpoly/Grenade1/grenade_lowpoly.FBX using Guid(5528b5a385dd26b45bbc7a0729da9522) Importer(815301076,1909f56bfc062723c751e8b465ee728b)  -> (artifact id: 'f7b68fbe5bba4377a6cb804027239190') in 0.019155 seconds 
  Import took 0.022557 seconds .

========================================================================
Received Import Request.
  Time since last request: 0.000335 seconds.
  path: Assets/Grenades_Lowpoly/Grenade1/grenade_lowpoly_prefab.prefab
  artifactKey: Guid(216ec6e5fef3e254d86b21071e614d66) Importer(815301076,1909f56bfc062723c751e8b465ee728b)
Start importing Assets/Grenades_Lowpoly/Grenade1/grenade_lowpoly_prefab.prefab using Guid(216ec6e5fef3e254d86b21071e614d66) Importer(815301076,1909f56bfc062723c751e8b465ee728b)  -> (artifact id: 'c84525c7a7fb15cb93665e303cbde457') in 0.021636 seconds 
  Import took 0.025711 seconds .

========================================================================
Received Import Request.
  Time since last request: 98.966227 seconds.
  path: Assets/Assets/Bullet/grenade_lowpoly.prefab
  artifactKey: Guid(009396e8a6ef5564fb4ac6bdb66cd439) Importer(815301076,1909f56bfc062723c751e8b465ee728b)
Start importing Assets/Assets/Bullet/grenade_lowpoly.prefab using Guid(009396e8a6ef5564fb4ac6bdb66cd439) Importer(815301076,1909f56bfc062723c751e8b465ee728b)  -> (artifact id: '07a4ed39c71accbc8d87bc37f2d9a6b6') in 0.017824 seconds 
  Import took 0.021447 seconds .

========================================================================
Received Import Request.
  Time since last request: 196.734071 seconds.
  path: Assets/Scripts/Boss.cs
  artifactKey: Guid(c3cd882c847416c448183150d628afbc) Importer(815301076,1909f56bfc062723c751e8b465ee728b)
Start importing Assets/Scripts/Boss.cs using Guid(c3cd882c847416c448183150d628afbc) Importer(815301076,1909f56bfc062723c751e8b465ee728b)  -> (artifact id: '9db84e9132056c602b7cba9c58c34482') in 0.020865 seconds 
  Import took 0.024795 seconds .

========================================================================
Received Import Request.
  Time since last request: 136.828563 seconds.
  path: Assets/Scripts/Boss.cs
  artifactKey: Guid(c3cd882c847416c448183150d628afbc) Importer(815301076,1909f56bfc062723c751e8b465ee728b)
Start importing Assets/Scripts/Boss.cs using Guid(c3cd882c847416c448183150d628afbc) Importer(815301076,1909f56bfc062723c751e8b465ee728b)  -> (artifact id: '6c6768d2978a19e1064a81957ef3b14e') in 0.006449 seconds 
  Import took 0.010481 seconds .

========================================================================
Received Prepare
Registering precompiled user dll's ...
Registered in 0.006942 seconds.
Begin MonoManager ReloadAssembly
Native extension for WindowsStandalone target not found
Refreshing native plugins compatible for Editor in 0.81 ms, found 5 plugins.
Preloading 0 native plugins for Editor in 0.00 ms.
Mono: successfully reloaded assembly
- Completed reload, in  1.019 seconds
Domain Reload Profiling:
	ReloadAssembly (1020ms)
		BeginReloadAssembly (135ms)
			ExecutionOrderSort (0ms)
			DisableScriptedObjects (4ms)
			BackupInstance (0ms)
			ReleaseScriptingObjects (0ms)
			CreateAndSetChildDomain (34ms)
		EndReloadAssembly (822ms)
			LoadAssemblies (132ms)
			RebuildTransferFunctionScriptingTraits (0ms)
			SetupTypeCache (337ms)
			ReleaseScriptCaches (1ms)
			RebuildScriptCaches (39ms)
			SetupLoadedEditorAssemblies (262ms)
				LogAssemblyErrors (0ms)
				InitializePlatformSupportModulesInManaged (4ms)
				SetLoadedEditorAssemblies (1ms)
				RefreshPlugins (1ms)
				BeforeProcessingInitializeOnLoad (84ms)
				ProcessInitializeOnLoadAttributes (162ms)
				ProcessInitializeOnLoadMethodAttributes (8ms)
				AfterProcessingInitializeOnLoad (2ms)
				EditorAssembliesLoaded (0ms)
			ExecutionOrderSort2 (0ms)
			AwakeInstancesAfterBackupRestoration (6ms)
Platform modules already initialized, skipping
Refreshing native plugins compatible for Editor in 0.91 ms, found 5 plugins.
Preloading 0 native plugins for Editor in 0.00 ms.
Unloading 1682 Unused Serialized files (Serialized files now loaded: 0)
System memory in use before: 81.2 MB.
System memory in use after: 81.3 MB.

Unloading 23 unused Assets to reduce memory usage. Loaded Objects now: 2185.
Total: 2.541100 ms (FindLiveObjects: 0.141500 ms CreateObjectMapping: 0.058400 ms MarkObjects: 2.317800 ms  DeleteObjects: 0.022400 ms)

AssetImportParameters requested are different than current active one (requested -> active):
  custom:framework-win-MediaFoundation: 216162199b28c13a410421893ffa2e32 -> 
  custom:video-decoder-ogg-theora: a1e56fd34408186e4bbccfd4996cb3dc -> 
  custom:container-muxer-webm: aa71ff27fc2769a1b78a27578f13a17b -> 
  custom:container-demuxer-webm: 4f35f7cbe854078d1ac9338744f61a02 -> 
  custom:container-demuxer-ogg: 62fdf1f143b41e24485cea50d1cbac27 -> 
  custom:video-encoder-webm-vp8: eb34c28f22e8b96e1ab97ce403110664 -> 
  custom:video-decoder-webm-vp8: 9c59270c3fd7afecdb556c50c9e8de78 -> 
  custom:audio-decoder-ogg-vorbis: bf7c407c2cedff20999df2af8eb42d56 -> 
  custom:audio-encoder-webm-vorbis: bf7c407c2cedff20999df2af8eb42d56 -> 
========================================================================
Received Prepare
Registering precompiled user dll's ...
Registered in 0.008044 seconds.
Begin MonoManager ReloadAssembly
Native extension for WindowsStandalone target not found
Refreshing native plugins compatible for Editor in 0.76 ms, found 5 plugins.
Preloading 0 native plugins for Editor in 0.00 ms.
Mono: successfully reloaded assembly
- Completed reload, in  1.042 seconds
Domain Reload Profiling:
	ReloadAssembly (1042ms)
		BeginReloadAssembly (152ms)
			ExecutionOrderSort (0ms)
			DisableScriptedObjects (6ms)
			BackupInstance (0ms)
			ReleaseScriptingObjects (0ms)
			CreateAndSetChildDomain (35ms)
		EndReloadAssembly (806ms)
			LoadAssemblies (143ms)
			RebuildTransferFunctionScriptingTraits (0ms)
			SetupTypeCache (300ms)
			ReleaseScriptCaches (1ms)
			RebuildScriptCaches (45ms)
			SetupLoadedEditorAssemblies (262ms)
				LogAssemblyErrors (0ms)
				InitializePlatformSupportModulesInManaged (4ms)
				SetLoadedEditorAssemblies (0ms)
				RefreshPlugins (1ms)
				BeforeProcessingInitializeOnLoad (75ms)
				ProcessInitializeOnLoadAttributes (170ms)
				ProcessInitializeOnLoadMethodAttributes (8ms)
				AfterProcessingInitializeOnLoad (4ms)
				EditorAssembliesLoaded (0ms)
			ExecutionOrderSort2 (0ms)
			AwakeInstancesAfterBackupRestoration (6ms)
Platform modules already initialized, skipping
Refreshing native plugins compatible for Editor in 1.12 ms, found 5 plugins.
Preloading 0 native plugins for Editor in 0.00 ms.
Unloading 1682 Unused Serialized files (Serialized files now loaded: 0)
System memory in use before: 81.2 MB.
System memory in use after: 81.3 MB.

Unloading 23 unused Assets to reduce memory usage. Loaded Objects now: 2187.
Total: 2.481700 ms (FindLiveObjects: 0.150100 ms CreateObjectMapping: 0.057700 ms MarkObjects: 2.245700 ms  DeleteObjects: 0.027500 ms)

AssetImportParameters requested are different than current active one (requested -> active):
  custom:framework-win-MediaFoundation: 216162199b28c13a410421893ffa2e32 -> 
  custom:video-decoder-ogg-theora: a1e56fd34408186e4bbccfd4996cb3dc -> 
  custom:container-muxer-webm: aa71ff27fc2769a1b78a27578f13a17b -> 
  custom:container-demuxer-webm: 4f35f7cbe854078d1ac9338744f61a02 -> 
  custom:container-demuxer-ogg: 62fdf1f143b41e24485cea50d1cbac27 -> 
  custom:video-encoder-webm-vp8: eb34c28f22e8b96e1ab97ce403110664 -> 
  custom:video-decoder-webm-vp8: 9c59270c3fd7afecdb556c50c9e8de78 -> 
  custom:audio-decoder-ogg-vorbis: bf7c407c2cedff20999df2af8eb42d56 -> 
  custom:audio-encoder-webm-vorbis: bf7c407c2cedff20999df2af8eb42d56 -> 
========================================================================
Received Prepare
Registering precompiled user dll's ...
Registered in 0.007251 seconds.
Begin MonoManager ReloadAssembly
Native extension for WindowsStandalone target not found
Refreshing native plugins compatible for Editor in 0.68 ms, found 5 plugins.
Preloading 0 native plugins for Editor in 0.00 ms.
Mono: successfully reloaded assembly
- Completed reload, in  1.078 seconds
Domain Reload Profiling:
	ReloadAssembly (1079ms)
		BeginReloadAssembly (127ms)
			ExecutionOrderSort (0ms)
			DisableScriptedObjects (5ms)
			BackupInstance (0ms)
			ReleaseScriptingObjects (0ms)
			CreateAndSetChildDomain (29ms)
		EndReloadAssembly (889ms)
			LoadAssemblies (134ms)
			RebuildTransferFunctionScriptingTraits (0ms)
			SetupTypeCache (383ms)
			ReleaseScriptCaches (1ms)
			RebuildScriptCaches (49ms)
			SetupLoadedEditorAssemblies (256ms)
				LogAssemblyErrors (0ms)
				InitializePlatformSupportModulesInManaged (4ms)
				SetLoadedEditorAssemblies (0ms)
				RefreshPlugins (1ms)
				BeforeProcessingInitializeOnLoad (72ms)
				ProcessInitializeOnLoadAttributes (166ms)
				ProcessInitializeOnLoadMethodAttributes (10ms)
				AfterProcessingInitializeOnLoad (2ms)
				EditorAssembliesLoaded (0ms)
			ExecutionOrderSort2 (0ms)
			AwakeInstancesAfterBackupRestoration (7ms)
Platform modules already initialized, skipping
Refreshing native plugins compatible for Editor in 0.88 ms, found 5 plugins.
Preloading 0 native plugins for Editor in 0.00 ms.
Unloading 1682 Unused Serialized files (Serialized files now loaded: 0)
System memory in use before: 81.2 MB.
System memory in use after: 81.3 MB.

Unloading 23 unused Assets to reduce memory usage. Loaded Objects now: 2189.
Total: 2.670800 ms (FindLiveObjects: 0.126700 ms CreateObjectMapping: 0.044200 ms MarkObjects: 2.480800 ms  DeleteObjects: 0.018300 ms)

AssetImportParameters requested are different than current active one (requested -> active):
  custom:framework-win-MediaFoundation: 216162199b28c13a410421893ffa2e32 -> 
  custom:video-decoder-ogg-theora: a1e56fd34408186e4bbccfd4996cb3dc -> 
  custom:container-muxer-webm: aa71ff27fc2769a1b78a27578f13a17b -> 
  custom:container-demuxer-webm: 4f35f7cbe854078d1ac9338744f61a02 -> 
  custom:container-demuxer-ogg: 62fdf1f143b41e24485cea50d1cbac27 -> 
  custom:video-encoder-webm-vp8: eb34c28f22e8b96e1ab97ce403110664 -> 
  custom:video-decoder-webm-vp8: 9c59270c3fd7afecdb556c50c9e8de78 -> 
  custom:audio-decoder-ogg-vorbis: bf7c407c2cedff20999df2af8eb42d56 -> 
  custom:audio-encoder-webm-vorbis: bf7c407c2cedff20999df2af8eb42d56 -> 
========================================================================
Received Prepare
Registering precompiled user dll's ...
Registered in 0.006509 seconds.
Begin MonoManager ReloadAssembly
Native extension for WindowsStandalone target not found
Refreshing native plugins compatible for Editor in 0.84 ms, found 5 plugins.
Preloading 0 native plugins for Editor in 0.00 ms.
Mono: successfully reloaded assembly
- Completed reload, in  1.029 seconds
Domain Reload Profiling:
	ReloadAssembly (1029ms)
		BeginReloadAssembly (135ms)
			ExecutionOrderSort (0ms)
			DisableScriptedObjects (4ms)
			BackupInstance (0ms)
			ReleaseScriptingObjects (0ms)
			CreateAndSetChildDomain (32ms)
		EndReloadAssembly (835ms)
			LoadAssemblies (124ms)
			RebuildTransferFunctionScriptingTraits (0ms)
			SetupTypeCache (308ms)
			ReleaseScriptCaches (1ms)
			RebuildScriptCaches (42ms)
			SetupLoadedEditorAssemblies (289ms)
				LogAssemblyErrors (0ms)
				InitializePlatformSupportModulesInManaged (6ms)
				SetLoadedEditorAssemblies (0ms)
				RefreshPlugins (1ms)
				BeforeProcessingInitializeOnLoad (84ms)
				ProcessInitializeOnLoadAttributes (185ms)
				ProcessInitializeOnLoadMethodAttributes (10ms)
				AfterProcessingInitializeOnLoad (3ms)
				EditorAssembliesLoaded (0ms)
			ExecutionOrderSort2 (0ms)
			AwakeInstancesAfterBackupRestoration (6ms)
Platform modules already initialized, skipping
Refreshing native plugins compatible for Editor in 0.70 ms, found 5 plugins.
Preloading 0 native plugins for Editor in 0.00 ms.
Unloading 1682 Unused Serialized files (Serialized files now loaded: 0)
System memory in use before: 81.2 MB.
System memory in use after: 81.3 MB.

Unloading 23 unused Assets to reduce memory usage. Loaded Objects now: 2191.
Total: 4.226700 ms (FindLiveObjects: 0.179300 ms CreateObjectMapping: 0.073000 ms MarkObjects: 3.939700 ms  DeleteObjects: 0.033200 ms)

AssetImportParameters requested are different than current active one (requested -> active):
  custom:framework-win-MediaFoundation: 216162199b28c13a410421893ffa2e32 -> 
  custom:video-decoder-ogg-theora: a1e56fd34408186e4bbccfd4996cb3dc -> 
  custom:container-muxer-webm: aa71ff27fc2769a1b78a27578f13a17b -> 
  custom:container-demuxer-webm: 4f35f7cbe854078d1ac9338744f61a02 -> 
  custom:container-demuxer-ogg: 62fdf1f143b41e24485cea50d1cbac27 -> 
  custom:video-encoder-webm-vp8: eb34c28f22e8b96e1ab97ce403110664 -> 
  custom:video-decoder-webm-vp8: 9c59270c3fd7afecdb556c50c9e8de78 -> 
  custom:audio-decoder-ogg-vorbis: bf7c407c2cedff20999df2af8eb42d56 -> 
  custom:audio-encoder-webm-vorbis: bf7c407c2cedff20999df2af8eb42d56 -> 
========================================================================
Received Import Request.
  Time since last request: 589.320846 seconds.
  path: Assets/Assets/Bullet/grenade_lowpoly.prefab
  artifactKey: Guid(009396e8a6ef5564fb4ac6bdb66cd439) Importer(815301076,1909f56bfc062723c751e8b465ee728b)
Start importing Assets/Assets/Bullet/grenade_lowpoly.prefab using Guid(009396e8a6ef5564fb4ac6bdb66cd439) Importer(815301076,1909f56bfc062723c751e8b465ee728b)  -> (artifact id: 'b0a8cd30775f1f730431daa9cf85eab4') in 0.081304 seconds 
  Import took 0.085475 seconds .

========================================================================
Received Prepare
Registering precompiled user dll's ...
Registered in 0.006874 seconds.
Begin MonoManager ReloadAssembly
Native extension for WindowsStandalone target not found
Refreshing native plugins compatible for Editor in 0.76 ms, found 5 plugins.
Preloading 0 native plugins for Editor in 0.00 ms.
Mono: successfully reloaded assembly
- Completed reload, in  1.172 seconds
Domain Reload Profiling:
	ReloadAssembly (1172ms)
		BeginReloadAssembly (170ms)
			ExecutionOrderSort (0ms)
			DisableScriptedObjects (7ms)
			BackupInstance (0ms)
			ReleaseScriptingObjects (0ms)
			CreateAndSetChildDomain (46ms)
		EndReloadAssembly (935ms)
			LoadAssemblies (142ms)
			RebuildTransferFunctionScriptingTraits (0ms)
			SetupTypeCache (376ms)
			ReleaseScriptCaches (2ms)
			RebuildScriptCaches (83ms)
			SetupLoadedEditorAssemblies (259ms)
				LogAssemblyErrors (0ms)
				InitializePlatformSupportModulesInManaged (5ms)
				SetLoadedEditorAssemblies (0ms)
				RefreshPlugins (1ms)
				BeforeProcessingInitializeOnLoad (78ms)
				ProcessInitializeOnLoadAttributes (165ms)
				ProcessInitializeOnLoadMethodAttributes (8ms)
				AfterProcessingInitializeOnLoad (2ms)
				EditorAssembliesLoaded (0ms)
			ExecutionOrderSort2 (0ms)
			AwakeInstancesAfterBackupRestoration (6ms)
Platform modules already initialized, skipping
Refreshing native plugins compatible for Editor in 0.70 ms, found 5 plugins.
Preloading 0 native plugins for Editor in 0.00 ms.
Unloading 1682 Unused Serialized files (Serialized files now loaded: 0)
System memory in use before: 81.3 MB.
System memory in use after: 81.4 MB.

Unloading 23 unused Assets to reduce memory usage. Loaded Objects now: 2194.
Total: 2.368900 ms (FindLiveObjects: 0.135400 ms CreateObjectMapping: 0.045300 ms MarkObjects: 2.169000 ms  DeleteObjects: 0.018600 ms)

AssetImportParameters requested are different than current active one (requested -> active):
  custom:framework-win-MediaFoundation: 216162199b28c13a410421893ffa2e32 -> 
  custom:video-decoder-ogg-theora: a1e56fd34408186e4bbccfd4996cb3dc -> 
  custom:container-muxer-webm: aa71ff27fc2769a1b78a27578f13a17b -> 
  custom:container-demuxer-webm: 4f35f7cbe854078d1ac9338744f61a02 -> 
  custom:container-demuxer-ogg: 62fdf1f143b41e24485cea50d1cbac27 -> 
  custom:video-encoder-webm-vp8: eb34c28f22e8b96e1ab97ce403110664 -> 
  custom:video-decoder-webm-vp8: 9c59270c3fd7afecdb556c50c9e8de78 -> 
  custom:audio-decoder-ogg-vorbis: bf7c407c2cedff20999df2af8eb42d56 -> 
  custom:audio-encoder-webm-vorbis: bf7c407c2cedff20999df2af8eb42d56 -> 
========================================================================
Received Prepare
Registering precompiled user dll's ...
Registered in 0.007301 seconds.
Begin MonoManager ReloadAssembly
Native extension for WindowsStandalone target not found
Refreshing native plugins compatible for Editor in 0.81 ms, found 5 plugins.
Preloading 0 native plugins for Editor in 0.00 ms.
Mono: successfully reloaded assembly
- Completed reload, in  1.054 seconds
Domain Reload Profiling:
	ReloadAssembly (1054ms)
		BeginReloadAssembly (132ms)
			ExecutionOrderSort (0ms)
			DisableScriptedObjects (4ms)
			BackupInstance (0ms)
			ReleaseScriptingObjects (0ms)
			CreateAndSetChildDomain (35ms)
		EndReloadAssembly (861ms)
			LoadAssemblies (124ms)
			RebuildTransferFunctionScriptingTraits (0ms)
			SetupTypeCache (348ms)
			ReleaseScriptCaches (1ms)
			RebuildScriptCaches (44ms)
			SetupLoadedEditorAssemblies (270ms)
				LogAssemblyErrors (0ms)
				InitializePlatformSupportModulesInManaged (5ms)
				SetLoadedEditorAssemblies (1ms)
				RefreshPlugins (1ms)
				BeforeProcessingInitializeOnLoad (96ms)
				ProcessInitializeOnLoadAttributes (157ms)
				ProcessInitializeOnLoadMethodAttributes (8ms)
				AfterProcessingInitializeOnLoad (2ms)
				EditorAssembliesLoaded (0ms)
			ExecutionOrderSort2 (0ms)
			AwakeInstancesAfterBackupRestoration (6ms)
Platform modules already initialized, skipping
Refreshing native plugins compatible for Editor in 0.83 ms, found 5 plugins.
Preloading 0 native plugins for Editor in 0.00 ms.
Unloading 1682 Unused Serialized files (Serialized files now loaded: 0)
System memory in use before: 81.3 MB.
System memory in use after: 81.4 MB.

Unloading 23 unused Assets to reduce memory usage. Loaded Objects now: 2196.
Total: 2.939300 ms (FindLiveObjects: 0.149900 ms CreateObjectMapping: 0.058900 ms MarkObjects: 2.706600 ms  DeleteObjects: 0.022500 ms)

AssetImportParameters requested are different than current active one (requested -> active):
  custom:framework-win-MediaFoundation: 216162199b28c13a410421893ffa2e32 -> 
  custom:video-decoder-ogg-theora: a1e56fd34408186e4bbccfd4996cb3dc -> 
  custom:container-muxer-webm: aa71ff27fc2769a1b78a27578f13a17b -> 
  custom:container-demuxer-webm: 4f35f7cbe854078d1ac9338744f61a02 -> 
  custom:container-demuxer-ogg: 62fdf1f143b41e24485cea50d1cbac27 -> 
  custom:video-encoder-webm-vp8: eb34c28f22e8b96e1ab97ce403110664 -> 
  custom:video-decoder-webm-vp8: 9c59270c3fd7afecdb556c50c9e8de78 -> 
  custom:audio-decoder-ogg-vorbis: bf7c407c2cedff20999df2af8eb42d56 -> 
  custom:audio-encoder-webm-vorbis: bf7c407c2cedff20999df2af8eb42d56 -> 
========================================================================
Received Prepare
Registering precompiled user dll's ...
Registered in 0.006002 seconds.
Begin MonoManager ReloadAssembly
Native extension for WindowsStandalone target not found
Refreshing native plugins compatible for Editor in 1.25 ms, found 5 plugins.
Preloading 0 native plugins for Editor in 0.00 ms.
Mono: successfully reloaded assembly
- Completed reload, in  0.911 seconds
Domain Reload Profiling:
	ReloadAssembly (911ms)
		BeginReloadAssembly (113ms)
			ExecutionOrderSort (0ms)
			DisableScriptedObjects (4ms)
			BackupInstance (0ms)
			ReleaseScriptingObjects (0ms)
			CreateAndSetChildDomain (25ms)
		EndReloadAssembly (748ms)
			LoadAssemblies (105ms)
			RebuildTransferFunctionScriptingTraits (0ms)
			SetupTypeCache (265ms)
			ReleaseScriptCaches (1ms)
			RebuildScriptCaches (38ms)
			SetupLoadedEditorAssemblies (277ms)
				LogAssemblyErrors (0ms)
				InitializePlatformSupportModulesInManaged (4ms)
				SetLoadedEditorAssemblies (0ms)
				RefreshPlugins (1ms)
				BeforeProcessingInitializeOnLoad (82ms)
				ProcessInitializeOnLoadAttributes (176ms)
				ProcessInitializeOnLoadMethodAttributes (10ms)
				AfterProcessingInitializeOnLoad (2ms)
				EditorAssembliesLoaded (0ms)
			ExecutionOrderSort2 (0ms)
			AwakeInstancesAfterBackupRestoration (7ms)
Platform modules already initialized, skipping
Refreshing native plugins compatible for Editor in 0.76 ms, found 5 plugins.
Preloading 0 native plugins for Editor in 0.00 ms.
Unloading 1682 Unused Serialized files (Serialized files now loaded: 0)
System memory in use before: 81.3 MB.
System memory in use after: 81.4 MB.

Unloading 23 unused Assets to reduce memory usage. Loaded Objects now: 2198.
Total: 2.978700 ms (FindLiveObjects: 0.138900 ms CreateObjectMapping: 0.058100 ms MarkObjects: 2.704400 ms  DeleteObjects: 0.075700 ms)

AssetImportParameters requested are different than current active one (requested -> active):
  custom:framework-win-MediaFoundation: 216162199b28c13a410421893ffa2e32 -> 
  custom:video-decoder-ogg-theora: a1e56fd34408186e4bbccfd4996cb3dc -> 
  custom:container-muxer-webm: aa71ff27fc2769a1b78a27578f13a17b -> 
  custom:container-demuxer-webm: 4f35f7cbe854078d1ac9338744f61a02 -> 
  custom:container-demuxer-ogg: 62fdf1f143b41e24485cea50d1cbac27 -> 
  custom:video-encoder-webm-vp8: eb34c28f22e8b96e1ab97ce403110664 -> 
  custom:video-decoder-webm-vp8: 9c59270c3fd7afecdb556c50c9e8de78 -> 
  custom:audio-decoder-ogg-vorbis: bf7c407c2cedff20999df2af8eb42d56 -> 
  custom:audio-encoder-webm-vorbis: bf7c407c2cedff20999df2af8eb42d56 -> 
========================================================================
Received Prepare
Registering precompiled user dll's ...
Registered in 0.006854 seconds.
Begin MonoManager ReloadAssembly
Native extension for WindowsStandalone target not found
Refreshing native plugins compatible for Editor in 0.77 ms, found 5 plugins.
Preloading 0 native plugins for Editor in 0.00 ms.
Mono: successfully reloaded assembly
- Completed reload, in  0.879 seconds
Domain Reload Profiling:
	ReloadAssembly (880ms)
		BeginReloadAssembly (117ms)
			ExecutionOrderSort (0ms)
			DisableScriptedObjects (4ms)
			BackupInstance (0ms)
			ReleaseScriptingObjects (0ms)
			CreateAndSetChildDomain (28ms)
		EndReloadAssembly (713ms)
			LoadAssemblies (106ms)
			RebuildTransferFunctionScriptingTraits (0ms)
			SetupTypeCache (255ms)
			ReleaseScriptCaches (1ms)
			RebuildScriptCaches (39ms)
			SetupLoadedEditorAssemblies (249ms)
				LogAssemblyErrors (0ms)
				InitializePlatformSupportModulesInManaged (5ms)
				SetLoadedEditorAssemblies (1ms)
				RefreshPlugins (1ms)
				BeforeProcessingInitializeOnLoad (74ms)
				ProcessInitializeOnLoadAttributes (158ms)
				ProcessInitializeOnLoadMethodAttributes (8ms)
				AfterProcessingInitializeOnLoad (2ms)
				EditorAssembliesLoaded (0ms)
			ExecutionOrderSort2 (0ms)
			AwakeInstancesAfterBackupRestoration (6ms)
Platform modules already initialized, skipping
Refreshing native plugins compatible for Editor in 0.74 ms, found 5 plugins.
Preloading 0 native plugins for Editor in 0.00 ms.
Unloading 1682 Unused Serialized files (Serialized files now loaded: 0)
System memory in use before: 81.3 MB.
System memory in use after: 81.4 MB.

Unloading 23 unused Assets to reduce memory usage. Loaded Objects now: 2200.
Total: 2.671400 ms (FindLiveObjects: 0.121600 ms CreateObjectMapping: 0.053600 ms MarkObjects: 2.476600 ms  DeleteObjects: 0.019000 ms)

AssetImportParameters requested are different than current active one (requested -> active):
  custom:framework-win-MediaFoundation: 216162199b28c13a410421893ffa2e32 -> 
  custom:video-decoder-ogg-theora: a1e56fd34408186e4bbccfd4996cb3dc -> 
  custom:container-muxer-webm: aa71ff27fc2769a1b78a27578f13a17b -> 
  custom:container-demuxer-webm: 4f35f7cbe854078d1ac9338744f61a02 -> 
  custom:container-demuxer-ogg: 62fdf1f143b41e24485cea50d1cbac27 -> 
  custom:video-encoder-webm-vp8: eb34c28f22e8b96e1ab97ce403110664 -> 
  custom:video-decoder-webm-vp8: 9c59270c3fd7afecdb556c50c9e8de78 -> 
  custom:audio-decoder-ogg-vorbis: bf7c407c2cedff20999df2af8eb42d56 -> 
  custom:audio-encoder-webm-vorbis: bf7c407c2cedff20999df2af8eb42d56 -> 
========================================================================
Received Prepare
Registering precompiled user dll's ...
Registered in 0.006097 seconds.
Begin MonoManager ReloadAssembly
Native extension for WindowsStandalone target not found
Refreshing native plugins compatible for Editor in 0.69 ms, found 5 plugins.
Preloading 0 native plugins for Editor in 0.00 ms.
Mono: successfully reloaded assembly
- Completed reload, in  0.850 seconds
Domain Reload Profiling:
	ReloadAssembly (850ms)
		BeginReloadAssembly (111ms)
			ExecutionOrderSort (0ms)
			DisableScriptedObjects (4ms)
			BackupInstance (0ms)
			ReleaseScriptingObjects (0ms)
			CreateAndSetChildDomain (25ms)
		EndReloadAssembly (690ms)
			LoadAssemblies (103ms)
			RebuildTransferFunctionScriptingTraits (0ms)
			SetupTypeCache (244ms)
			ReleaseScriptCaches (1ms)
			RebuildScriptCaches (37ms)
			SetupLoadedEditorAssemblies (241ms)
				LogAssemblyErrors (0ms)
				InitializePlatformSupportModulesInManaged (4ms)
				SetLoadedEditorAssemblies (0ms)
				RefreshPlugins (1ms)
				BeforeProcessingInitializeOnLoad (72ms)
				ProcessInitializeOnLoadAttributes (153ms)
				ProcessInitializeOnLoadMethodAttributes (9ms)
				AfterProcessingInitializeOnLoad (2ms)
				EditorAssembliesLoaded (0ms)
			ExecutionOrderSort2 (0ms)
			AwakeInstancesAfterBackupRestoration (7ms)
Platform modules already initialized, skipping
Refreshing native plugins compatible for Editor in 0.85 ms, found 5 plugins.
Preloading 0 native plugins for Editor in 0.00 ms.
Unloading 1682 Unused Serialized files (Serialized files now loaded: 0)
System memory in use before: 81.3 MB.
System memory in use after: 81.4 MB.

Unloading 23 unused Assets to reduce memory usage. Loaded Objects now: 2202.
Total: 2.476500 ms (FindLiveObjects: 0.124700 ms CreateObjectMapping: 0.048400 ms MarkObjects: 2.284300 ms  DeleteObjects: 0.018400 ms)

AssetImportParameters requested are different than current active one (requested -> active):
  custom:framework-win-MediaFoundation: 216162199b28c13a410421893ffa2e32 -> 
  custom:video-decoder-ogg-theora: a1e56fd34408186e4bbccfd4996cb3dc -> 
  custom:container-muxer-webm: aa71ff27fc2769a1b78a27578f13a17b -> 
  custom:container-demuxer-webm: 4f35f7cbe854078d1ac9338744f61a02 -> 
  custom:container-demuxer-ogg: 62fdf1f143b41e24485cea50d1cbac27 -> 
  custom:video-encoder-webm-vp8: eb34c28f22e8b96e1ab97ce403110664 -> 
  custom:video-decoder-webm-vp8: 9c59270c3fd7afecdb556c50c9e8de78 -> 
  custom:audio-decoder-ogg-vorbis: bf7c407c2cedff20999df2af8eb42d56 -> 
  custom:audio-encoder-webm-vorbis: bf7c407c2cedff20999df2af8eb42d56 -> 
AssetImportWorkerClient::OnTransportError - code=2 error=End of file
